2025-07-16 11:31:48 [31merror[39m: uncaughtException: Cannot find module '../models/UserFamilyDetails'
Require stack:
- C:\Users\ILAYARAJA\myapp2\myapp1\matrimony latest\matrimony\controllers\recommendController.js
- C:\Users\ILAYARAJA\myapp2\myapp1\matrimony latest\matrimony\routes\recommend.js
- C:\Users\ILAYARAJA\myapp2\myapp1\matrimony latest\matrimony\routes\index.js
- C:\Users\ILAYARAJA\myapp2\myapp1\matrimony latest\matrimony\app.js
Error: Cannot find module '../models/UserFamilyDetails'
Require stack:
- C:\Users\ILAYARAJA\myapp2\myapp1\matrimony latest\matrimony\controllers\recommendController.js
- C:\Users\ILAYARAJA\myapp2\myapp1\matrimony latest\matrimony\routes\recommend.js
- C:\Users\ILAYARAJA\myapp2\myapp1\matrimony latest\matrimony\routes\index.js
- C:\Users\ILAYARAJA\myapp2\myapp1\matrimony latest\matrimony\app.js
    at Module._resolveFilename (node:internal/modules/cjs/loader:1225:15)
    at Module._load (node:internal/modules/cjs/loader:1051:27)
    at Module.require (node:internal/modules/cjs/loader:1311:19)
    at require (node:internal/modules/helpers:179:18)
    at Object.<anonymous> (C:\Users\ILAYARAJA\myapp2\myapp1\matrimony latest\matrimony\controllers\recommendController.js:5:27)
    at Module._compile (node:internal/modules/cjs/loader:1469:14)
    at Module._extensions..js (node:internal/modules/cjs/loader:1548:10)
    at Module.load (node:internal/modules/cjs/loader:1288:32)
    at Module._load (node:internal/modules/cjs/loader:1104:12)
    at Module.require (node:internal/modules/cjs/loader:1311:19)
2025-07-16 11:32:10 [31merror[39m: uncaughtException: Cannot find module '../models/UserFamilyDetails'
Require stack:
- C:\Users\ILAYARAJA\myapp2\myapp1\matrimony latest\matrimony\controllers\recommendController.js
- C:\Users\ILAYARAJA\myapp2\myapp1\matrimony latest\matrimony\routes\recommend.js
- C:\Users\ILAYARAJA\myapp2\myapp1\matrimony latest\matrimony\routes\index.js
- C:\Users\ILAYARAJA\myapp2\myapp1\matrimony latest\matrimony\app.js
Error: Cannot find module '../models/UserFamilyDetails'
Require stack:
- C:\Users\ILAYARAJA\myapp2\myapp1\matrimony latest\matrimony\controllers\recommendController.js
- C:\Users\ILAYARAJA\myapp2\myapp1\matrimony latest\matrimony\routes\recommend.js
- C:\Users\ILAYARAJA\myapp2\myapp1\matrimony latest\matrimony\routes\index.js
- C:\Users\ILAYARAJA\myapp2\myapp1\matrimony latest\matrimony\app.js
    at Module._resolveFilename (node:internal/modules/cjs/loader:1225:15)
    at Module._load (node:internal/modules/cjs/loader:1051:27)
    at Module.require (node:internal/modules/cjs/loader:1311:19)
    at require (node:internal/modules/helpers:179:18)
    at Object.<anonymous> (C:\Users\ILAYARAJA\myapp2\myapp1\matrimony latest\matrimony\controllers\recommendController.js:5:27)
    at Module._compile (node:internal/modules/cjs/loader:1469:14)
    at Module._extensions..js (node:internal/modules/cjs/loader:1548:10)
    at Module.load (node:internal/modules/cjs/loader:1288:32)
    at Module._load (node:internal/modules/cjs/loader:1104:12)
    at Module.require (node:internal/modules/cjs/loader:1311:19)
2025-07-16 11:32:40 [31merror[39m: uncaughtException: Cannot find module '../models/UserFamilyDetails'
Require stack:
- C:\Users\ILAYARAJA\myapp2\myapp1\matrimony latest\matrimony\controllers\recommendController.js
- C:\Users\ILAYARAJA\myapp2\myapp1\matrimony latest\matrimony\routes\recommend.js
- C:\Users\ILAYARAJA\myapp2\myapp1\matrimony latest\matrimony\routes\index.js
- C:\Users\ILAYARAJA\myapp2\myapp1\matrimony latest\matrimony\app.js
Error: Cannot find module '../models/UserFamilyDetails'
Require stack:
- C:\Users\ILAYARAJA\myapp2\myapp1\matrimony latest\matrimony\controllers\recommendController.js
- C:\Users\ILAYARAJA\myapp2\myapp1\matrimony latest\matrimony\routes\recommend.js
- C:\Users\ILAYARAJA\myapp2\myapp1\matrimony latest\matrimony\routes\index.js
- C:\Users\ILAYARAJA\myapp2\myapp1\matrimony latest\matrimony\app.js
    at Module._resolveFilename (node:internal/modules/cjs/loader:1225:15)
    at Module._load (node:internal/modules/cjs/loader:1051:27)
    at Module.require (node:internal/modules/cjs/loader:1311:19)
    at require (node:internal/modules/helpers:179:18)
    at Object.<anonymous> (C:\Users\ILAYARAJA\myapp2\myapp1\matrimony latest\matrimony\controllers\recommendController.js:5:27)
    at Module._compile (node:internal/modules/cjs/loader:1469:14)
    at Module._extensions..js (node:internal/modules/cjs/loader:1548:10)
    at Module.load (node:internal/modules/cjs/loader:1288:32)
    at Module._load (node:internal/modules/cjs/loader:1104:12)
    at Module.require (node:internal/modules/cjs/loader:1311:19)
2025-07-16 11:35:19 [31merror[39m: uncaughtException: Cannot find module '../models/UserFamilyDetails'
Require stack:
- C:\Users\ILAYARAJA\myapp2\myapp1\matrimony latest\matrimony\controllers\recommendController.js
- C:\Users\ILAYARAJA\myapp2\myapp1\matrimony latest\matrimony\routes\recommend.js
- C:\Users\ILAYARAJA\myapp2\myapp1\matrimony latest\matrimony\routes\index.js
- C:\Users\ILAYARAJA\myapp2\myapp1\matrimony latest\matrimony\app.js
Error: Cannot find module '../models/UserFamilyDetails'
Require stack:
- C:\Users\ILAYARAJA\myapp2\myapp1\matrimony latest\matrimony\controllers\recommendController.js
- C:\Users\ILAYARAJA\myapp2\myapp1\matrimony latest\matrimony\routes\recommend.js
- C:\Users\ILAYARAJA\myapp2\myapp1\matrimony latest\matrimony\routes\index.js
- C:\Users\ILAYARAJA\myapp2\myapp1\matrimony latest\matrimony\app.js
    at Module._resolveFilename (node:internal/modules/cjs/loader:1225:15)
    at Module._load (node:internal/modules/cjs/loader:1051:27)
    at Module.require (node:internal/modules/cjs/loader:1311:19)
    at require (node:internal/modules/helpers:179:18)
    at Object.<anonymous> (C:\Users\ILAYARAJA\myapp2\myapp1\matrimony latest\matrimony\controllers\recommendController.js:5:27)
    at Module._compile (node:internal/modules/cjs/loader:1469:14)
    at Module._extensions..js (node:internal/modules/cjs/loader:1548:10)
    at Module.load (node:internal/modules/cjs/loader:1288:32)
    at Module._load (node:internal/modules/cjs/loader:1104:12)
    at Module.require (node:internal/modules/cjs/loader:1311:19)
2025-07-16 11:35:40 [31merror[39m: uncaughtException: Cannot find module '../models/UserFamilyDetails'
Require stack:
- C:\Users\ILAYARAJA\myapp2\myapp1\matrimony latest\matrimony\controllers\recommendController.js
- C:\Users\ILAYARAJA\myapp2\myapp1\matrimony latest\matrimony\routes\recommend.js
- C:\Users\ILAYARAJA\myapp2\myapp1\matrimony latest\matrimony\routes\index.js
- C:\Users\ILAYARAJA\myapp2\myapp1\matrimony latest\matrimony\app.js
Error: Cannot find module '../models/UserFamilyDetails'
Require stack:
- C:\Users\ILAYARAJA\myapp2\myapp1\matrimony latest\matrimony\controllers\recommendController.js
- C:\Users\ILAYARAJA\myapp2\myapp1\matrimony latest\matrimony\routes\recommend.js
- C:\Users\ILAYARAJA\myapp2\myapp1\matrimony latest\matrimony\routes\index.js
- C:\Users\ILAYARAJA\myapp2\myapp1\matrimony latest\matrimony\app.js
    at Module._resolveFilename (node:internal/modules/cjs/loader:1225:15)
    at Module._load (node:internal/modules/cjs/loader:1051:27)
    at Module.require (node:internal/modules/cjs/loader:1311:19)
    at require (node:internal/modules/helpers:179:18)
    at Object.<anonymous> (C:\Users\ILAYARAJA\myapp2\myapp1\matrimony latest\matrimony\controllers\recommendController.js:5:27)
    at Module._compile (node:internal/modules/cjs/loader:1469:14)
    at Module._extensions..js (node:internal/modules/cjs/loader:1548:10)
    at Module.load (node:internal/modules/cjs/loader:1288:32)
    at Module._load (node:internal/modules/cjs/loader:1104:12)
    at Module.require (node:internal/modules/cjs/loader:1311:19)
2025-07-16 11:37:07 [31merror[39m: uncaughtException: Cannot find module '../models/UserFamilyDetails'
Require stack:
- C:\Users\ILAYARAJA\myapp2\myapp1\matrimony latest\matrimony\controllers\recommendController.js
- C:\Users\ILAYARAJA\myapp2\myapp1\matrimony latest\matrimony\routes\recommend.js
- C:\Users\ILAYARAJA\myapp2\myapp1\matrimony latest\matrimony\routes\index.js
- C:\Users\ILAYARAJA\myapp2\myapp1\matrimony latest\matrimony\app.js
Error: Cannot find module '../models/UserFamilyDetails'
Require stack:
- C:\Users\ILAYARAJA\myapp2\myapp1\matrimony latest\matrimony\controllers\recommendController.js
- C:\Users\ILAYARAJA\myapp2\myapp1\matrimony latest\matrimony\routes\recommend.js
- C:\Users\ILAYARAJA\myapp2\myapp1\matrimony latest\matrimony\routes\index.js
- C:\Users\ILAYARAJA\myapp2\myapp1\matrimony latest\matrimony\app.js
    at Module._resolveFilename (node:internal/modules/cjs/loader:1225:15)
    at Module._load (node:internal/modules/cjs/loader:1051:27)
    at Module.require (node:internal/modules/cjs/loader:1311:19)
    at require (node:internal/modules/helpers:179:18)
    at Object.<anonymous> (C:\Users\ILAYARAJA\myapp2\myapp1\matrimony latest\matrimony\controllers\recommendController.js:5:27)
    at Module._compile (node:internal/modules/cjs/loader:1469:14)
    at Module._extensions..js (node:internal/modules/cjs/loader:1548:10)
    at Module.load (node:internal/modules/cjs/loader:1288:32)
    at Module._load (node:internal/modules/cjs/loader:1104:12)
    at Module.require (node:internal/modules/cjs/loader:1311:19)
2025-07-16 11:38:20 [31merror[39m: uncaughtException: Cannot find module '../models/ProfessionalDetails'
Require stack:
- C:\Users\ILAYARAJA\myapp2\myapp1\matrimony latest\matrimony\controllers\recommendController.js
- C:\Users\ILAYARAJA\myapp2\myapp1\matrimony latest\matrimony\routes\recommend.js
- C:\Users\ILAYARAJA\myapp2\myapp1\matrimony latest\matrimony\routes\index.js
- C:\Users\ILAYARAJA\myapp2\myapp1\matrimony latest\matrimony\app.js
Error: Cannot find module '../models/ProfessionalDetails'
Require stack:
- C:\Users\ILAYARAJA\myapp2\myapp1\matrimony latest\matrimony\controllers\recommendController.js
- C:\Users\ILAYARAJA\myapp2\myapp1\matrimony latest\matrimony\routes\recommend.js
- C:\Users\ILAYARAJA\myapp2\myapp1\matrimony latest\matrimony\routes\index.js
- C:\Users\ILAYARAJA\myapp2\myapp1\matrimony latest\matrimony\app.js
    at Module._resolveFilename (node:internal/modules/cjs/loader:1225:15)
    at Module._load (node:internal/modules/cjs/loader:1051:27)
    at Module.require (node:internal/modules/cjs/loader:1311:19)
    at require (node:internal/modules/helpers:179:18)
    at Object.<anonymous> (C:\Users\ILAYARAJA\myapp2\myapp1\matrimony latest\matrimony\controllers\recommendController.js:6:29)
    at Module._compile (node:internal/modules/cjs/loader:1469:14)
    at Module._extensions..js (node:internal/modules/cjs/loader:1548:10)
    at Module.load (node:internal/modules/cjs/loader:1288:32)
    at Module._load (node:internal/modules/cjs/loader:1104:12)
    at Module.require (node:internal/modules/cjs/loader:1311:19)
2025-07-16 11:38:23 [31merror[39m: uncaughtException: Cannot find module '../models/ProfessionalDetails'
Require stack:
- C:\Users\ILAYARAJA\myapp2\myapp1\matrimony latest\matrimony\controllers\recommendController.js
- C:\Users\ILAYARAJA\myapp2\myapp1\matrimony latest\matrimony\routes\recommend.js
- C:\Users\ILAYARAJA\myapp2\myapp1\matrimony latest\matrimony\routes\index.js
- C:\Users\ILAYARAJA\myapp2\myapp1\matrimony latest\matrimony\app.js
Error: Cannot find module '../models/ProfessionalDetails'
Require stack:
- C:\Users\ILAYARAJA\myapp2\myapp1\matrimony latest\matrimony\controllers\recommendController.js
- C:\Users\ILAYARAJA\myapp2\myapp1\matrimony latest\matrimony\routes\recommend.js
- C:\Users\ILAYARAJA\myapp2\myapp1\matrimony latest\matrimony\routes\index.js
- C:\Users\ILAYARAJA\myapp2\myapp1\matrimony latest\matrimony\app.js
    at Module._resolveFilename (node:internal/modules/cjs/loader:1225:15)
    at Module._load (node:internal/modules/cjs/loader:1051:27)
    at Module.require (node:internal/modules/cjs/loader:1311:19)
    at require (node:internal/modules/helpers:179:18)
    at Object.<anonymous> (C:\Users\ILAYARAJA\myapp2\myapp1\matrimony latest\matrimony\controllers\recommendController.js:6:29)
    at Module._compile (node:internal/modules/cjs/loader:1469:14)
    at Module._extensions..js (node:internal/modules/cjs/loader:1548:10)
    at Module.load (node:internal/modules/cjs/loader:1288:32)
    at Module._load (node:internal/modules/cjs/loader:1104:12)
    at Module.require (node:internal/modules/cjs/loader:1311:19)
2025-07-16 11:38:30 [31merror[39m: uncaughtException: Cannot find module '../models/ProfessionalDetails'
Require stack:
- C:\Users\ILAYARAJA\myapp2\myapp1\matrimony latest\matrimony\controllers\recommendController.js
- C:\Users\ILAYARAJA\myapp2\myapp1\matrimony latest\matrimony\routes\recommend.js
- C:\Users\ILAYARAJA\myapp2\myapp1\matrimony latest\matrimony\routes\index.js
- C:\Users\ILAYARAJA\myapp2\myapp1\matrimony latest\matrimony\app.js
Error: Cannot find module '../models/ProfessionalDetails'
Require stack:
- C:\Users\ILAYARAJA\myapp2\myapp1\matrimony latest\matrimony\controllers\recommendController.js
- C:\Users\ILAYARAJA\myapp2\myapp1\matrimony latest\matrimony\routes\recommend.js
- C:\Users\ILAYARAJA\myapp2\myapp1\matrimony latest\matrimony\routes\index.js
- C:\Users\ILAYARAJA\myapp2\myapp1\matrimony latest\matrimony\app.js
    at Module._resolveFilename (node:internal/modules/cjs/loader:1225:15)
    at Module._load (node:internal/modules/cjs/loader:1051:27)
    at Module.require (node:internal/modules/cjs/loader:1311:19)
    at require (node:internal/modules/helpers:179:18)
    at Object.<anonymous> (C:\Users\ILAYARAJA\myapp2\myapp1\matrimony latest\matrimony\controllers\recommendController.js:6:29)
    at Module._compile (node:internal/modules/cjs/loader:1469:14)
    at Module._extensions..js (node:internal/modules/cjs/loader:1548:10)
    at Module.load (node:internal/modules/cjs/loader:1288:32)
    at Module._load (node:internal/modules/cjs/loader:1104:12)
    at Module.require (node:internal/modules/cjs/loader:1311:19)
2025-07-16 11:40:05 [31merror[39m: uncaughtException: Cannot find module '../models/ProfessionalDetails'
Require stack:
- C:\Users\ILAYARAJA\myapp2\myapp1\matrimony latest\matrimony\controllers\recommendController.js
- C:\Users\ILAYARAJA\myapp2\myapp1\matrimony latest\matrimony\routes\recommend.js
- C:\Users\ILAYARAJA\myapp2\myapp1\matrimony latest\matrimony\routes\index.js
- C:\Users\ILAYARAJA\myapp2\myapp1\matrimony latest\matrimony\app.js
Error: Cannot find module '../models/ProfessionalDetails'
Require stack:
- C:\Users\ILAYARAJA\myapp2\myapp1\matrimony latest\matrimony\controllers\recommendController.js
- C:\Users\ILAYARAJA\myapp2\myapp1\matrimony latest\matrimony\routes\recommend.js
- C:\Users\ILAYARAJA\myapp2\myapp1\matrimony latest\matrimony\routes\index.js
- C:\Users\ILAYARAJA\myapp2\myapp1\matrimony latest\matrimony\app.js
    at Module._resolveFilename (node:internal/modules/cjs/loader:1225:15)
    at Module._load (node:internal/modules/cjs/loader:1051:27)
    at Module.require (node:internal/modules/cjs/loader:1311:19)
    at require (node:internal/modules/helpers:179:18)
    at Object.<anonymous> (C:\Users\ILAYARAJA\myapp2\myapp1\matrimony latest\matrimony\controllers\recommendController.js:6:29)
    at Module._compile (node:internal/modules/cjs/loader:1469:14)
    at Module._extensions..js (node:internal/modules/cjs/loader:1548:10)
    at Module.load (node:internal/modules/cjs/loader:1288:32)
    at Module._load (node:internal/modules/cjs/loader:1104:12)
    at Module.require (node:internal/modules/cjs/loader:1311:19)
2025-07-16 11:41:40 [31merror[39m: uncaughtException: Cannot find module '../models/UserInterest'
Require stack:
- C:\Users\ILAYARAJA\myapp2\myapp1\matrimony latest\matrimony\controllers\recommendController.js
- C:\Users\ILAYARAJA\myapp2\myapp1\matrimony latest\matrimony\routes\recommend.js
- C:\Users\ILAYARAJA\myapp2\myapp1\matrimony latest\matrimony\routes\index.js
- C:\Users\ILAYARAJA\myapp2\myapp1\matrimony latest\matrimony\app.js
Error: Cannot find module '../models/UserInterest'
Require stack:
- C:\Users\ILAYARAJA\myapp2\myapp1\matrimony latest\matrimony\controllers\recommendController.js
- C:\Users\ILAYARAJA\myapp2\myapp1\matrimony latest\matrimony\routes\recommend.js
- C:\Users\ILAYARAJA\myapp2\myapp1\matrimony latest\matrimony\routes\index.js
- C:\Users\ILAYARAJA\myapp2\myapp1\matrimony latest\matrimony\app.js
    at Module._resolveFilename (node:internal/modules/cjs/loader:1225:15)
    at Module._load (node:internal/modules/cjs/loader:1051:27)
    at Module.require (node:internal/modules/cjs/loader:1311:19)
    at require (node:internal/modules/helpers:179:18)
    at Object.<anonymous> (C:\Users\ILAYARAJA\myapp2\myapp1\matrimony latest\matrimony\controllers\recommendController.js:9:22)
    at Module._compile (node:internal/modules/cjs/loader:1469:14)
    at Module._extensions..js (node:internal/modules/cjs/loader:1548:10)
    at Module.load (node:internal/modules/cjs/loader:1288:32)
    at Module._load (node:internal/modules/cjs/loader:1104:12)
    at Module.require (node:internal/modules/cjs/loader:1311:19)
2025-07-16 11:41:42 [31merror[39m: uncaughtException: Cannot find module '../models/UserInterest'
Require stack:
- C:\Users\ILAYARAJA\myapp2\myapp1\matrimony latest\matrimony\controllers\recommendController.js
- C:\Users\ILAYARAJA\myapp2\myapp1\matrimony latest\matrimony\routes\recommend.js
- C:\Users\ILAYARAJA\myapp2\myapp1\matrimony latest\matrimony\routes\index.js
- C:\Users\ILAYARAJA\myapp2\myapp1\matrimony latest\matrimony\app.js
Error: Cannot find module '../models/UserInterest'
Require stack:
- C:\Users\ILAYARAJA\myapp2\myapp1\matrimony latest\matrimony\controllers\recommendController.js
- C:\Users\ILAYARAJA\myapp2\myapp1\matrimony latest\matrimony\routes\recommend.js
- C:\Users\ILAYARAJA\myapp2\myapp1\matrimony latest\matrimony\routes\index.js
- C:\Users\ILAYARAJA\myapp2\myapp1\matrimony latest\matrimony\app.js
    at Module._resolveFilename (node:internal/modules/cjs/loader:1225:15)
    at Module._load (node:internal/modules/cjs/loader:1051:27)
    at Module.require (node:internal/modules/cjs/loader:1311:19)
    at require (node:internal/modules/helpers:179:18)
    at Object.<anonymous> (C:\Users\ILAYARAJA\myapp2\myapp1\matrimony latest\matrimony\controllers\recommendController.js:9:22)
    at Module._compile (node:internal/modules/cjs/loader:1469:14)
    at Module._extensions..js (node:internal/modules/cjs/loader:1548:10)
    at Module.load (node:internal/modules/cjs/loader:1288:32)
    at Module._load (node:internal/modules/cjs/loader:1104:12)
    at Module.require (node:internal/modules/cjs/loader:1311:19)
2025-07-16 11:41:45 [31merror[39m: uncaughtException: Cannot use import statement outside a module
C:\Users\ILAYARAJA\myapp2\myapp1\matrimony latest\matrimony\middleware\authMiddleware.js:1
import jwt from "jsonwebtoken";
^^^^^^

SyntaxError: Cannot use import statement outside a module
    at wrapSafe (node:internal/modules/cjs/loader:1378:20)
    at Module._compile (node:internal/modules/cjs/loader:1428:41)
    at Module._extensions..js (node:internal/modules/cjs/loader:1548:10)
    at Module.load (node:internal/modules/cjs/loader:1288:32)
    at Module._load (node:internal/modules/cjs/loader:1104:12)
    at Module.require (node:internal/modules/cjs/loader:1311:19)
    at require (node:internal/modules/helpers:179:18)
    at Object.<anonymous> (C:\Users\ILAYARAJA\myapp2\myapp1\matrimony latest\matrimony\routes\recommend.js:4:24)
    at Module._compile (node:internal/modules/cjs/loader:1469:14)
    at Module._extensions..js (node:internal/modules/cjs/loader:1548:10)
2025-07-16 11:41:47 [31merror[39m: uncaughtException: Cannot use import statement outside a module
C:\Users\ILAYARAJA\myapp2\myapp1\matrimony latest\matrimony\middleware\authMiddleware.js:1
import jwt from "jsonwebtoken";
^^^^^^

SyntaxError: Cannot use import statement outside a module
    at wrapSafe (node:internal/modules/cjs/loader:1378:20)
    at Module._compile (node:internal/modules/cjs/loader:1428:41)
    at Module._extensions..js (node:internal/modules/cjs/loader:1548:10)
    at Module.load (node:internal/modules/cjs/loader:1288:32)
    at Module._load (node:internal/modules/cjs/loader:1104:12)
    at Module.require (node:internal/modules/cjs/loader:1311:19)
    at require (node:internal/modules/helpers:179:18)
    at Object.<anonymous> (C:\Users\ILAYARAJA\myapp2\myapp1\matrimony latest\matrimony\routes\recommend.js:4:24)
    at Module._compile (node:internal/modules/cjs/loader:1469:14)
    at Module._extensions..js (node:internal/modules/cjs/loader:1548:10)
2025-07-16 11:41:57 [31merror[39m: uncaughtException: Cannot use import statement outside a module
C:\Users\ILAYARAJA\myapp2\myapp1\matrimony latest\matrimony\middleware\authMiddleware.js:1
import jwt from "jsonwebtoken";
^^^^^^

SyntaxError: Cannot use import statement outside a module
    at wrapSafe (node:internal/modules/cjs/loader:1378:20)
    at Module._compile (node:internal/modules/cjs/loader:1428:41)
    at Module._extensions..js (node:internal/modules/cjs/loader:1548:10)
    at Module.load (node:internal/modules/cjs/loader:1288:32)
    at Module._load (node:internal/modules/cjs/loader:1104:12)
    at Module.require (node:internal/modules/cjs/loader:1311:19)
    at require (node:internal/modules/helpers:179:18)
    at Object.<anonymous> (C:\Users\ILAYARAJA\myapp2\myapp1\matrimony latest\matrimony\routes\recommend.js:4:24)
    at Module._compile (node:internal/modules/cjs/loader:1469:14)
    at Module._extensions..js (node:internal/modules/cjs/loader:1548:10)
2025-07-16 11:42:21 [31merror[39m: uncaughtException: Cannot use import statement outside a module
C:\Users\ILAYARAJA\myapp2\myapp1\matrimony latest\matrimony\middleware\authMiddleware.js:1
import jwt from "jsonwebtoken";
^^^^^^

SyntaxError: Cannot use import statement outside a module
    at wrapSafe (node:internal/modules/cjs/loader:1378:20)
    at Module._compile (node:internal/modules/cjs/loader:1428:41)
    at Module._extensions..js (node:internal/modules/cjs/loader:1548:10)
    at Module.load (node:internal/modules/cjs/loader:1288:32)
    at Module._load (node:internal/modules/cjs/loader:1104:12)
    at Module.require (node:internal/modules/cjs/loader:1311:19)
    at require (node:internal/modules/helpers:179:18)
    at Object.<anonymous> (C:\Users\ILAYARAJA\myapp2\myapp1\matrimony latest\matrimony\routes\recommend.js:4:24)
    at Module._compile (node:internal/modules/cjs/loader:1469:14)
    at Module._extensions..js (node:internal/modules/cjs/loader:1548:10)
