2025-07-01 14:21:28 [31merror[39m: Error logging in: authService is not defined
2025-07-01 14:24:54 [31merror[39m: Error logging in: authService is not defined
2025-07-01 14:35:54 [31merror[39m: Error logging in with email: arun@example.com, error: UserProfile is not associated to UserRegistration!
SequelizeEagerLoadingError: UserProfile is not associated to UserRegistration!
    at UserRegistration._getIncludedAssociation (E:\matrimony\node_modules\sequelize\lib\model.js:565:13)
    at UserRegistration._validateIncludedElement (E:\matrimony\node_modules\sequelize\lib\model.js:502:53)
    at E:\matrimony\node_modules\sequelize\lib\model.js:421:37
    at Array.map (<anonymous>)
    at UserRegistration._validateIncludedElements (E:\matrimony\node_modules\sequelize\lib\model.js:417:39)
    at UserRegistration.findAll (E:\matrimony\node_modules\sequelize\lib\model.js:1124:12)
    at process.processTicksAndRejections (node:internal/process/task_queues:105:5)
    at async UserRegistration.findOne (E:\matrimony\node_modules\sequelize\lib\model.js:1240:12)
    at async Object.loginByEmail (file:///E:/matrimony/service/auth.service.js:23:18)
    at async loginByEmail (file:///E:/matrimony/controllers/auth.controller.js:66:13)
2025-07-01 14:35:54 [31merror[39m: Error logging in: Logging in with Invalid credentials
2025-07-01 14:53:49 [31merror[39m: Error logging in with email: arun@example.com, error: UserProfile is associated to UserRegistration using an alias. You must use the 'as' keyword to specify the alias within your include statement.
SequelizeEagerLoadingError: UserProfile is associated to UserRegistration using an alias. You must use the 'as' keyword to specify the alias within your include statement.
    at UserRegistration._getIncludedAssociation (E:\matrimony\node_modules\sequelize\lib\model.js:576:13)
    at UserRegistration._validateIncludedElement (E:\matrimony\node_modules\sequelize\lib\model.js:502:53)
    at E:\matrimony\node_modules\sequelize\lib\model.js:421:37
    at Array.map (<anonymous>)
    at UserRegistration._validateIncludedElements (E:\matrimony\node_modules\sequelize\lib\model.js:417:39)
    at UserRegistration.findAll (E:\matrimony\node_modules\sequelize\lib\model.js:1124:12)
    at process.processTicksAndRejections (node:internal/process/task_queues:105:5)
    at async UserRegistration.findOne (E:\matrimony\node_modules\sequelize\lib\model.js:1240:12)
    at async Object.loginByEmail (file:///E:/matrimony/service/auth.service.js:23:18)
    at async loginByEmail (file:///E:/matrimony/controllers/auth.controller.js:66:13)
2025-07-01 14:53:49 [31merror[39m: Error logging in: Logging in with Invalid credentials
2025-07-01 15:26:15 [31merror[39m: Login attempt with invalid password for email: ravi.kumar@example.com
2025-07-01 15:26:15 [31merror[39m: Error logging in with email: ravi.kumar@example.com, error: Invalid credentials
Error: Invalid credentials
    at Object.loginByEmail (file:///E:/matrimony/service/auth.service.js:46:13)
    at async loginByEmail (file:///E:/matrimony/controllers/auth.controller.js:66:13)
2025-07-01 15:26:15 [31merror[39m: Error logging in: Logging in with Invalid credentials
